[debug] [2022-08-01T09:02:31.328Z] ----------------------------------------------------------------------
[debug] [2022-08-01T09:02:31.330Z] Command:       C:\Program Files\nodejs\node.exe C:\Users\User\AppData\Roaming\npm\node_modules\firebase-tools\lib\bin\firebase.js deploy
[debug] [2022-08-01T09:02:31.331Z] CLI Version:   11.2.0
[debug] [2022-08-01T09:02:31.331Z] Platform:      win32
[debug] [2022-08-01T09:02:31.331Z] Node Version:  v16.15.1
[debug] [2022-08-01T09:02:31.338Z] Time:          Mon Aug 01 2022 15:02:31 GMT+0600 (Bangladesh Standard Time)
[debug] [2022-08-01T09:02:31.339Z] ----------------------------------------------------------------------
[debug] 
[debug] [2022-08-01T09:02:31.343Z] >>> [apiv2][query] GET https://firebase-public.firebaseio.com/cli.json [none]
[debug] [2022-08-01T09:02:31.425Z] > command requires scopes: ["email","openid","https://www.googleapis.com/auth/cloudplatformprojects.readonly","https://www.googleapis.com/auth/firebase","https://www.googleapis.com/auth/cloud-platform"]
[debug] [2022-08-01T09:02:31.425Z] > authorizing via signed-in user (joypaul3592@gmail.com)
[debug] [2022-08-01T09:02:31.425Z] [iam] checking project langzila-8e143 for permissions ["firebase.projects.get","firebasehosting.sites.update"]
[debug] [2022-08-01T09:02:31.426Z] > refreshing access token with scopes: []
[debug] [2022-08-01T09:02:31.427Z] >>> [apiv2][query] POST https://www.googleapis.com/oauth2/v3/token [none]
[debug] [2022-08-01T09:02:31.427Z] >>> [apiv2][body] POST https://www.googleapis.com/oauth2/v3/token [omitted]
[debug] [2022-08-01T09:02:31.715Z] <<< [apiv2][status] POST https://www.googleapis.com/oauth2/v3/token 400
[debug] [2022-08-01T09:02:31.715Z] <<< [apiv2][body] POST https://www.googleapis.com/oauth2/v3/token [omitted]
[debug] [2022-08-01T09:02:31.715Z] >>> [apiv2][query] POST https://cloudresourcemanager.googleapis.com/v1/projects/langzila-8e143:testIamPermissions [none]
[debug] [2022-08-01T09:02:31.716Z] >>> [apiv2][body] POST https://cloudresourcemanager.googleapis.com/v1/projects/langzila-8e143:testIamPermissions {"permissions":["firebase.projects.get","firebasehosting.sites.update"]}
[debug] [2022-08-01T09:02:32.527Z] <<< [apiv2][status] GET https://firebase-public.firebaseio.com/cli.json 200
[debug] [2022-08-01T09:02:32.527Z] <<< [apiv2][body] GET https://firebase-public.firebaseio.com/cli.json {"cloudBuildErrorAfter":1594252800000,"cloudBuildWarnAfter":1590019200000,"defaultNode10After":1594252800000,"minVersion":"3.0.5","node8DeploysDisabledAfter":1613390400000,"node8RuntimeDisabledAfter":1615809600000,"node8WarnAfter":1600128000000}
[debug] [2022-08-01T09:02:32.940Z] <<< [apiv2][status] POST https://cloudresourcemanager.googleapis.com/v1/projects/langzila-8e143:testIamPermissions 401
[debug] [2022-08-01T09:02:32.940Z] <<< [apiv2][body] POST https://cloudresourcemanager.googleapis.com/v1/projects/langzila-8e143:testIamPermissions {"error":{"code":401,"message":"Request had invalid authentication credentials. Expected OAuth 2 access token, login cookie or other valid authentication credential. See https://developers.google.com/identity/sign-in/web/devconsole-project.","status":"UNAUTHENTICATED","details":[{"@type":"type.googleapis.com/google.rpc.ErrorInfo","reason":"ACCESS_TOKEN_TYPE_UNSUPPORTED","metadata":{"method":"google.cloudresourcemanager.v1.Projects.TestIamPermissions","service":"cloudresourcemanager.googleapis.com"}}]}}
[debug] [2022-08-01T09:02:32.941Z] [iam] error while checking permissions, command may fail: FirebaseError: HTTP Error: 401, Request had invalid authentication credentials. Expected OAuth 2 access token, login cookie or other valid authentication credential. See https://developers.google.com/identity/sign-in/web/devconsole-project.
[debug] [2022-08-01T09:02:32.942Z] > refreshing access token with scopes: []
[debug] [2022-08-01T09:02:32.942Z] >>> [apiv2][query] POST https://www.googleapis.com/oauth2/v3/token [none]
[debug] [2022-08-01T09:02:32.942Z] >>> [apiv2][body] POST https://www.googleapis.com/oauth2/v3/token [omitted]
[debug] [2022-08-01T09:02:33.193Z] <<< [apiv2][status] POST https://www.googleapis.com/oauth2/v3/token 400
[debug] [2022-08-01T09:02:33.193Z] <<< [apiv2][body] POST https://www.googleapis.com/oauth2/v3/token [omitted]
[debug] [2022-08-01T09:02:33.193Z] >>> [apiv2][query] GET https://firebase.googleapis.com/v1beta1/projects/langzila-8e143 [none]
[debug] [2022-08-01T09:02:33.517Z] <<< [apiv2][status] GET https://firebase.googleapis.com/v1beta1/projects/langzila-8e143 401
[debug] [2022-08-01T09:02:33.517Z] <<< [apiv2][body] GET https://firebase.googleapis.com/v1beta1/projects/langzila-8e143 {"error":{"code":401,"message":"Request had invalid authentication credentials. Expected OAuth 2 access token, login cookie or other valid authentication credential. See https://developers.google.com/identity/sign-in/web/devconsole-project.","status":"UNAUTHENTICATED"}}
[debug] [2022-08-01T09:02:33.517Z] HTTP Error: 401, Request had invalid authentication credentials. Expected OAuth 2 access token, login cookie or other valid authentication credential. See https://developers.google.com/identity/sign-in/web/devconsole-project.
[debug] [2022-08-01T09:02:33.795Z] FirebaseError: HTTP Error: 401, Request had invalid authentication credentials. Expected OAuth 2 access token, login cookie or other valid authentication credential. See https://developers.google.com/identity/sign-in/web/devconsole-project.
    at responseToError (C:\Users\User\AppData\Roaming\npm\node_modules\firebase-tools\lib\responseToError.js:49:12)
    at RetryOperation._fn (C:\Users\User\AppData\Roaming\npm\node_modules\firebase-tools\lib\apiv2.js:287:77)
    at processTicksAndRejections (node:internal/process/task_queues:96:5)
[error] 
[error] Error: Failed to get Firebase project langzila-8e143. Please make sure the project exists and your account has permission to access it.
